[debug] [2021-08-13T02:04:05.919Z] ----------------------------------------------------------------------
[debug] [2021-08-13T02:04:05.921Z] Command:       /usr/local/bin/node /usr/local/bin/firebase init
[debug] [2021-08-13T02:04:05.921Z] CLI Version:   9.16.3
[debug] [2021-08-13T02:04:05.921Z] Platform:      linux
[debug] [2021-08-13T02:04:05.921Z] Node Version:  v15.14.0
[debug] [2021-08-13T02:04:05.922Z] Time:          Fri Aug 13 2021 07:34:05 GMT+0530 (India Standard Time)
[debug] [2021-08-13T02:04:05.922Z] ----------------------------------------------------------------------
[debug] 
[debug] [2021-08-13T02:04:05.923Z] >>> [apiv2][query] GET https://firebase-public.firebaseio.com/cli.json [none]
[debug] [2021-08-13T02:04:05.938Z] > command requires scopes: ["email","openid","https://www.googleapis.com/auth/cloudplatformprojects.readonly","https://www.googleapis.com/auth/firebase","https://www.googleapis.com/auth/cloud-platform"]
[debug] [2021-08-13T02:04:05.938Z] > authorizing via signed-in user (imprasnadev@gmail.com)
[info] 
     ######## #### ########  ######## ########     ###     ######  ########
     ##        ##  ##     ## ##       ##     ##  ##   ##  ##       ##
     ######    ##  ########  ######   ########  #########  ######  ######
     ##        ##  ##    ##  ##       ##     ## ##     ##       ## ##
     ##       #### ##     ## ######## ########  ##     ##  ######  ########

You're about to initialize a Firebase project in this directory:

  /home/imprasna/Projects/2021 Frontend/ReGex

[debug] [2021-08-13T02:04:07.484Z] <<< [apiv2][status] GET https://firebase-public.firebaseio.com/cli.json 200
[debug] [2021-08-13T02:04:07.484Z] <<< [apiv2][body] GET https://firebase-public.firebaseio.com/cli.json {"cloudBuildErrorAfter":1594252800000,"cloudBuildWarnAfter":1590019200000,"defaultNode10After":1594252800000,"minVersion":"3.0.5","node8DeploysDisabledAfter":1613390400000,"node8RuntimeDisabledAfter":1615809600000,"node8WarnAfter":1600128000000}
